<?xml version="1.0" encoding="UTF-8"?>
<testsuite name="string_sout.restful_jpa.RestfulJpaApplicationTests" tests="1" skipped="0" failures="0" errors="0" timestamp="2024-07-18T10:48:08" hostname="D0083-052" time="0.71">
  <properties/>
  <testcase name="contextLoads()" classname="string_sout.restful_jpa.RestfulJpaApplicationTests" time="0.71"/>
  <system-out><![CDATA[17:48:00.983 [Test worker] INFO org.springframework.test.context.support.AnnotationConfigContextLoaderUtils -- Could not detect default configuration classes for test class [string_sout.restful_jpa.RestfulJpaApplicationTests]: RestfulJpaApplicationTests does not declare any static, non-private, non-final, nested classes annotated with @Configuration.
17:48:01.145 [Test worker] INFO org.springframework.boot.test.context.SpringBootTestContextBootstrapper -- Found @SpringBootConfiguration string_sout.restful_jpa.RestfulJpaApplication for test class string_sout.restful_jpa.RestfulJpaApplicationTests

  .   ____          _            __ _ _
 /\\ / ___'_ __ _ _(_)_ __  __ _ \ \ \ \
( ( )\___ | '_ | '_| | '_ \/ _` | \ \ \ \
 \\/  ___)| |_)| | | | | || (_| |  ) ) ) )
  '  |____| .__|_| |_|_| |_\__, | / / / /
 =========|_|==============|___/=/_/_/_/

 :: Spring Boot ::                (v3.3.1)

2024-07-18T17:48:01.704+07:00  INFO 20556 --- [restful-jpa] [    Test worker] s.r.RestfulJpaApplicationTests           : Starting RestfulJpaApplicationTests using Java 17.0.10 with PID 20556 (started by febykas in D:\Learn Java\restful-jpa\restful-jpa)
2024-07-18T17:48:01.707+07:00  INFO 20556 --- [restful-jpa] [    Test worker] s.r.RestfulJpaApplicationTests           : No active profile set, falling back to 1 default profile: "default"
2024-07-18T17:48:02.757+07:00  INFO 20556 --- [restful-jpa] [    Test worker] .s.d.r.c.RepositoryConfigurationDelegate : Bootstrapping Spring Data JPA repositories in DEFAULT mode.
2024-07-18T17:48:02.895+07:00  INFO 20556 --- [restful-jpa] [    Test worker] .s.d.r.c.RepositoryConfigurationDelegate : Finished Spring Data repository scanning in 125 ms. Found 9 JPA repository interfaces.
2024-07-18T17:48:03.616+07:00  INFO 20556 --- [restful-jpa] [    Test worker] com.zaxxer.hikari.HikariDataSource       : HikariPool-1 - Starting...
2024-07-18T17:48:04.463+07:00  INFO 20556 --- [restful-jpa] [    Test worker] com.zaxxer.hikari.pool.HikariPool        : HikariPool-1 - Added connection org.postgresql.jdbc.PgConnection@6650a6c
2024-07-18T17:48:04.465+07:00  INFO 20556 --- [restful-jpa] [    Test worker] com.zaxxer.hikari.HikariDataSource       : HikariPool-1 - Start completed.
2024-07-18T17:48:04.533+07:00  INFO 20556 --- [restful-jpa] [    Test worker] o.hibernate.jpa.internal.util.LogHelper  : HHH000204: Processing PersistenceUnitInfo [name: default]
2024-07-18T17:48:04.634+07:00  INFO 20556 --- [restful-jpa] [    Test worker] org.hibernate.Version                    : HHH000412: Hibernate ORM core version 6.5.2.Final
2024-07-18T17:48:04.708+07:00  INFO 20556 --- [restful-jpa] [    Test worker] o.h.c.internal.RegionFactoryInitiator    : HHH000026: Second-level cache disabled
2024-07-18T17:48:05.202+07:00  INFO 20556 --- [restful-jpa] [    Test worker] o.s.o.j.p.SpringPersistenceUnitInfo      : No LoadTimeWeaver setup: ignoring JPA class transformer
2024-07-18T17:48:06.553+07:00  INFO 20556 --- [restful-jpa] [    Test worker] o.h.e.t.j.p.i.JtaPlatformInitiator       : HHH000489: No JTA platform available (set 'hibernate.transaction.jta.platform' to enable JTA platform integration)
2024-07-18T17:48:06.556+07:00  INFO 20556 --- [restful-jpa] [    Test worker] j.LocalContainerEntityManagerFactoryBean : Initialized JPA EntityManagerFactory for persistence unit 'default'
2024-07-18T17:48:07.522+07:00  WARN 20556 --- [restful-jpa] [    Test worker] JpaBaseConfiguration$JpaWebConfiguration : spring.jpa.open-in-view is enabled by default. Therefore, database queries may be performed during view rendering. Explicitly configure spring.jpa.open-in-view to disable this warning
2024-07-18T17:48:08.126+07:00  INFO 20556 --- [restful-jpa] [    Test worker] s.r.RestfulJpaApplicationTests           : Started RestfulJpaApplicationTests in 6.735 seconds (process running for 8.271)
]]></system-out>
  <system-err><![CDATA[]]></system-err>
</testsuite>
