<?xml version="1.0" encoding="UTF-8"?>
<testsuite name="string_sout.restful_jpa.RestfulJpaApplicationTests" tests="1" skipped="0" failures="0" errors="0" timestamp="2024-07-19T07:57:09" hostname="D0083-052" time="0.622">
  <properties/>
  <testcase name="contextLoads()" classname="string_sout.restful_jpa.RestfulJpaApplicationTests" time="0.622"/>
  <system-out><![CDATA[14:57:03.453 [Test worker] INFO org.springframework.test.context.support.AnnotationConfigContextLoaderUtils -- Could not detect default configuration classes for test class [string_sout.restful_jpa.RestfulJpaApplicationTests]: RestfulJpaApplicationTests does not declare any static, non-private, non-final, nested classes annotated with @Configuration.
14:57:03.594 [Test worker] INFO org.springframework.boot.test.context.SpringBootTestContextBootstrapper -- Found @SpringBootConfiguration string_sout.restful_jpa.RestfulJpaApplication for test class string_sout.restful_jpa.RestfulJpaApplicationTests

  .   ____          _            __ _ _
 /\\ / ___'_ __ _ _(_)_ __  __ _ \ \ \ \
( ( )\___ | '_ | '_| | '_ \/ _` | \ \ \ \
 \\/  ___)| |_)| | | | | || (_| |  ) ) ) )
  '  |____| .__|_| |_|_| |_\__, | / / / /
 =========|_|==============|___/=/_/_/_/

 :: Spring Boot ::                (v3.3.1)

2024-07-19T14:57:04.175+07:00  INFO 11312 --- [restful-jpa] [    Test worker] s.r.RestfulJpaApplicationTests           : Starting RestfulJpaApplicationTests using Java 17.0.10 with PID 11312 (started by febykas in D:\generator cv\springboot-generator-cv)
2024-07-19T14:57:04.175+07:00  INFO 11312 --- [restful-jpa] [    Test worker] s.r.RestfulJpaApplicationTests           : No active profile set, falling back to 1 default profile: "default"
2024-07-19T14:57:05.003+07:00  INFO 11312 --- [restful-jpa] [    Test worker] .s.d.r.c.RepositoryConfigurationDelegate : Bootstrapping Spring Data JPA repositories in DEFAULT mode.
2024-07-19T14:57:05.129+07:00  INFO 11312 --- [restful-jpa] [    Test worker] .s.d.r.c.RepositoryConfigurationDelegate : Finished Spring Data repository scanning in 109 ms. Found 9 JPA repository interfaces.
2024-07-19T14:57:05.693+07:00  INFO 11312 --- [restful-jpa] [    Test worker] com.zaxxer.hikari.HikariDataSource       : HikariPool-1 - Starting...
2024-07-19T14:57:06.539+07:00  INFO 11312 --- [restful-jpa] [    Test worker] com.zaxxer.hikari.pool.HikariPool        : HikariPool-1 - Added connection org.postgresql.jdbc.PgConnection@44598ef7
2024-07-19T14:57:06.539+07:00  INFO 11312 --- [restful-jpa] [    Test worker] com.zaxxer.hikari.HikariDataSource       : HikariPool-1 - Start completed.
2024-07-19T14:57:06.602+07:00  INFO 11312 --- [restful-jpa] [    Test worker] o.hibernate.jpa.internal.util.LogHelper  : HHH000204: Processing PersistenceUnitInfo [name: default]
2024-07-19T14:57:06.665+07:00  INFO 11312 --- [restful-jpa] [    Test worker] org.hibernate.Version                    : HHH000412: Hibernate ORM core version 6.5.2.Final
2024-07-19T14:57:06.727+07:00  INFO 11312 --- [restful-jpa] [    Test worker] o.h.c.internal.RegionFactoryInitiator    : HHH000026: Second-level cache disabled
2024-07-19T14:57:07.166+07:00  INFO 11312 --- [restful-jpa] [    Test worker] o.s.o.j.p.SpringPersistenceUnitInfo      : No LoadTimeWeaver setup: ignoring JPA class transformer
2024-07-19T14:57:08.688+07:00  INFO 11312 --- [restful-jpa] [    Test worker] o.h.e.t.j.p.i.JtaPlatformInitiator       : HHH000489: No JTA platform available (set 'hibernate.transaction.jta.platform' to enable JTA platform integration)
2024-07-19T14:57:08.688+07:00  INFO 11312 --- [restful-jpa] [    Test worker] j.LocalContainerEntityManagerFactoryBean : Initialized JPA EntityManagerFactory for persistence unit 'default'
2024-07-19T14:57:09.911+07:00  INFO 11312 --- [restful-jpa] [    Test worker] s.r.RestfulJpaApplicationTests           : Started RestfulJpaApplicationTests in 6.067 seconds (process running for 7.551)
]]></system-out>
  <system-err><![CDATA[]]></system-err>
</testsuite>
