<?xml version="1.0" encoding="UTF-8"?>
<testsuite name="string_sout.restful_jpa.RestfulJpaApplicationTests" tests="1" skipped="0" failures="0" errors="0" timestamp="2024-07-19T08:09:12" hostname="D0083-052" time="0.612">
  <properties/>
  <testcase name="contextLoads()" classname="string_sout.restful_jpa.RestfulJpaApplicationTests" time="0.612"/>
  <system-out><![CDATA[15:09:00.831 [Test worker] INFO org.springframework.test.context.support.AnnotationConfigContextLoaderUtils -- Could not detect default configuration classes for test class [string_sout.restful_jpa.RestfulJpaApplicationTests]: RestfulJpaApplicationTests does not declare any static, non-private, non-final, nested classes annotated with @Configuration.
15:09:00.963 [Test worker] INFO org.springframework.boot.test.context.SpringBootTestContextBootstrapper -- Found @SpringBootConfiguration string_sout.restful_jpa.RestfulJpaApplication for test class string_sout.restful_jpa.RestfulJpaApplicationTests

  .   ____          _            __ _ _
 /\\ / ___'_ __ _ _(_)_ __  __ _ \ \ \ \
( ( )\___ | '_ | '_| | '_ \/ _` | \ \ \ \
 \\/  ___)| |_)| | | | | || (_| |  ) ) ) )
  '  |____| .__|_| |_|_| |_\__, | / / / /
 =========|_|==============|___/=/_/_/_/

 :: Spring Boot ::                (v3.3.1)

2024-07-19T15:09:01.538+07:00  INFO 4404 --- [restful-jpa] [    Test worker] s.r.RestfulJpaApplicationTests           : Starting RestfulJpaApplicationTests using Java 17.0.10 with PID 4404 (started by febykas in D:\generator cv\springboot-generator-cv)
2024-07-19T15:09:01.541+07:00  INFO 4404 --- [restful-jpa] [    Test worker] s.r.RestfulJpaApplicationTests           : No active profile set, falling back to 1 default profile: "default"
2024-07-19T15:09:02.538+07:00  INFO 4404 --- [restful-jpa] [    Test worker] .s.d.r.c.RepositoryConfigurationDelegate : Bootstrapping Spring Data JPA repositories in DEFAULT mode.
2024-07-19T15:09:02.681+07:00  INFO 4404 --- [restful-jpa] [    Test worker] .s.d.r.c.RepositoryConfigurationDelegate : Finished Spring Data repository scanning in 126 ms. Found 9 JPA repository interfaces.
2024-07-19T15:09:03.310+07:00  INFO 4404 --- [restful-jpa] [    Test worker] com.zaxxer.hikari.HikariDataSource       : HikariPool-1 - Starting...
2024-07-19T15:09:08.626+07:00  INFO 4404 --- [restful-jpa] [    Test worker] com.zaxxer.hikari.pool.HikariPool        : HikariPool-1 - Added connection org.postgresql.jdbc.PgConnection@48e41b5d
2024-07-19T15:09:08.629+07:00  INFO 4404 --- [restful-jpa] [    Test worker] com.zaxxer.hikari.HikariDataSource       : HikariPool-1 - Start completed.
2024-07-19T15:09:08.686+07:00  INFO 4404 --- [restful-jpa] [    Test worker] o.hibernate.jpa.internal.util.LogHelper  : HHH000204: Processing PersistenceUnitInfo [name: default]
2024-07-19T15:09:08.778+07:00  INFO 4404 --- [restful-jpa] [    Test worker] org.hibernate.Version                    : HHH000412: Hibernate ORM core version 6.5.2.Final
2024-07-19T15:09:08.831+07:00  INFO 4404 --- [restful-jpa] [    Test worker] o.h.c.internal.RegionFactoryInitiator    : HHH000026: Second-level cache disabled
2024-07-19T15:09:09.287+07:00  INFO 4404 --- [restful-jpa] [    Test worker] o.s.o.j.p.SpringPersistenceUnitInfo      : No LoadTimeWeaver setup: ignoring JPA class transformer
2024-07-19T15:09:11.260+07:00  INFO 4404 --- [restful-jpa] [    Test worker] o.h.e.t.j.p.i.JtaPlatformInitiator       : HHH000489: No JTA platform available (set 'hibernate.transaction.jta.platform' to enable JTA platform integration)
2024-07-19T15:09:11.263+07:00  INFO 4404 --- [restful-jpa] [    Test worker] j.LocalContainerEntityManagerFactoryBean : Initialized JPA EntityManagerFactory for persistence unit 'default'
2024-07-19T15:09:12.174+07:00  WARN 4404 --- [restful-jpa] [    Test worker] JpaBaseConfiguration$JpaWebConfiguration : spring.jpa.open-in-view is enabled by default. Therefore, database queries may be performed during view rendering. Explicitly configure spring.jpa.open-in-view to disable this warning
2024-07-19T15:09:12.759+07:00  INFO 4404 --- [restful-jpa] [    Test worker] s.r.RestfulJpaApplicationTests           : Started RestfulJpaApplicationTests in 11.558 seconds (process running for 13.013)
]]></system-out>
  <system-err><![CDATA[]]></system-err>
</testsuite>
